F:\MAIKEGROUP\内贸\MAIKEMARKET\MAIKEMARKET\X64\DEBUG\MAIKEMARKET.PCH
F:\MAIKEGROUP\内贸\MAIKEMARKET\MAIKEMARKET\X64\DEBUG\STDAFX.OBJ
F:\MAIKEGROUP\内贸\MAIKEMARKET\MAIKEMARKET\X64\DEBUG\VC110.PDB
F:\MAIKEGROUP\内贸\MAIKEMARKET\MAIKEMARKET\X64\DEBUG\INICLASS.OBJ
F:\MAIKEGROUP\内贸\MAIKEMARKET\MAIKEMARKET\X64\DEBUG\MAIKEMARKETAPI.OBJ
F:\MAIKEGROUP\内贸\MAIKEMARKET\MAIKEMARKET\X64\DEBUG\MAIKEMARKETSPI.OBJ
F:\MAIKEGROUP\内贸\MAIKEMARKET\MAIKEMARKET\X64\DEBUG\MYSQLMANAGER.OBJ
C:\USERS\ADMINISTRATOR\DESKTOP\MAIKEMARKET\MAIKEMARKET\X64\DEBUG\MAIKEMARKET.PCH
C:\USERS\ADMINISTRATOR\DESKTOP\MAIKEMARKET\MAIKEMARKET\X64\DEBUG\STDAFX.OBJ
C:\USERS\ADMINISTRATOR\DESKTOP\MAIKEMARKET\MAIKEMARKET\X64\DEBUG\VC110.PDB
C:\USERS\ADMINISTRATOR\DESKTOP\MAIKEMARKET\MAIKEMARKET\X64\DEBUG\INICLASS.OBJ
C:\USERS\ADMINISTRATOR\DESKTOP\MAIKEMARKET\MAIKEMARKET\X64\DEBUG\MAIKEMARKETAPI.OBJ
C:\USERS\ADMINISTRATOR\DESKTOP\MAIKEMARKET\MAIKEMARKET\X64\DEBUG\MAIKEMARKETSPI.OBJ
C:\USERS\ADMINISTRATOR\DESKTOP\MAIKEMARKET\MAIKEMARKET\X64\DEBUG\MYSQLMANAGER.OBJ
F:\MAIKEGROUP\内贸\MAIKEMARKET\X64\DEBUG\MAIKEMARKET.ILK
F:\MAIKEGROUP\内贸\MAIKEMARKET\X64\DEBUG\MAIKEMARKET.EXE
F:\MAIKEGROUP\内贸\MAIKEMARKET\X64\DEBUG\MAIKEMARKET.PDB
C:\USERS\ADMINISTRATOR\DESKTOP\MAIKEMARKET\X64\DEBUG\MAIKEMARKET.ILK
C:\USERS\ADMINISTRATOR\DESKTOP\MAIKEMARKET\X64\DEBUG\MAIKEMARKET.EXE
C:\USERS\ADMINISTRATOR\DESKTOP\MAIKEMARKET\X64\DEBUG\MAIKEMARKET.PDB
C:\Users\Administrator\Desktop\MaiKeMarket\MaiKeMarket\x64\Debug\iniClass.obj
C:\Users\Administrator\Desktop\MaiKeMarket\MaiKeMarket\x64\Debug\MaiKeMarketApi.obj
C:\Users\Administrator\Desktop\MaiKeMarket\MaiKeMarket\x64\Debug\MaiKeMarketSpi.obj
C:\Users\Administrator\Desktop\MaiKeMarket\MaiKeMarket\x64\Debug\MySQLManager.obj
C:\Users\Administrator\Desktop\MaiKeMarket\MaiKeMarket\x64\Debug\pubFun.obj
C:\Users\Administrator\Desktop\MaiKeMarket\MaiKeMarket\x64\Debug\stdafx.obj
C:\Users\Administrator\Desktop\MaiKeMarket\MaiKeMarket\x64\Debug\cl.command.1.tlog
C:\Users\Administrator\Desktop\MaiKeMarket\MaiKeMarket\x64\Debug\CL.read.1.tlog
C:\Users\Administrator\Desktop\MaiKeMarket\MaiKeMarket\x64\Debug\CL.write.1.tlog
C:\Users\Administrator\Desktop\MaiKeMarket\MaiKeMarket\x64\Debug\link-cvtres.read.1.tlog
C:\Users\Administrator\Desktop\MaiKeMarket\MaiKeMarket\x64\Debug\link-cvtres.write.1.tlog
C:\Users\Administrator\Desktop\MaiKeMarket\MaiKeMarket\x64\Debug\link-rc.read.1.tlog
C:\Users\Administrator\Desktop\MaiKeMarket\MaiKeMarket\x64\Debug\link-rc.write.1.tlog
C:\Users\Administrator\Desktop\MaiKeMarket\MaiKeMarket\x64\Debug\link.10176-cvtres.read.1.tlog
C:\Users\Administrator\Desktop\MaiKeMarket\MaiKeMarket\x64\Debug\link.10176-cvtres.write.1.tlog
C:\Users\Administrator\Desktop\MaiKeMarket\MaiKeMarket\x64\Debug\link.10176-rc.read.1.tlog
C:\Users\Administrator\Desktop\MaiKeMarket\MaiKeMarket\x64\Debug\link.10176-rc.write.1.tlog
C:\Users\Administrator\Desktop\MaiKeMarket\MaiKeMarket\x64\Debug\link.10176.read.1.tlog
C:\Users\Administrator\Desktop\MaiKeMarket\MaiKeMarket\x64\Debug\link.10176.write.1.tlog
C:\Users\Administrator\Desktop\MaiKeMarket\MaiKeMarket\x64\Debug\link.1640-cvtres.read.1.tlog
C:\Users\Administrator\Desktop\MaiKeMarket\MaiKeMarket\x64\Debug\link.1640-cvtres.write.1.tlog
C:\Users\Administrator\Desktop\MaiKeMarket\MaiKeMarket\x64\Debug\link.1640-rc.read.1.tlog
C:\Users\Administrator\Desktop\MaiKeMarket\MaiKeMarket\x64\Debug\link.1640-rc.write.1.tlog
C:\Users\Administrator\Desktop\MaiKeMarket\MaiKeMarket\x64\Debug\link.1640.read.1.tlog
C:\Users\Administrator\Desktop\MaiKeMarket\MaiKeMarket\x64\Debug\link.1640.write.1.tlog
C:\Users\Administrator\Desktop\MaiKeMarket\MaiKeMarket\x64\Debug\link.4852-cvtres.read.1.tlog
C:\Users\Administrator\Desktop\MaiKeMarket\MaiKeMarket\x64\Debug\link.4852-cvtres.write.1.tlog
C:\Users\Administrator\Desktop\MaiKeMarket\MaiKeMarket\x64\Debug\link.4852-rc.read.1.tlog
C:\Users\Administrator\Desktop\MaiKeMarket\MaiKeMarket\x64\Debug\link.4852-rc.write.1.tlog
C:\Users\Administrator\Desktop\MaiKeMarket\MaiKeMarket\x64\Debug\link.4852.read.1.tlog
C:\Users\Administrator\Desktop\MaiKeMarket\MaiKeMarket\x64\Debug\link.4852.write.1.tlog
C:\Users\Administrator\Desktop\MaiKeMarket\MaiKeMarket\x64\Debug\link.9312-cvtres.read.1.tlog
C:\Users\Administrator\Desktop\MaiKeMarket\MaiKeMarket\x64\Debug\link.9312-cvtres.write.1.tlog
C:\Users\Administrator\Desktop\MaiKeMarket\MaiKeMarket\x64\Debug\link.9312-rc.read.1.tlog
C:\Users\Administrator\Desktop\MaiKeMarket\MaiKeMarket\x64\Debug\link.9312-rc.write.1.tlog
C:\Users\Administrator\Desktop\MaiKeMarket\MaiKeMarket\x64\Debug\link.9312.read.1.tlog
C:\Users\Administrator\Desktop\MaiKeMarket\MaiKeMarket\x64\Debug\link.9312.write.1.tlog
C:\Users\Administrator\Desktop\MaiKeMarket\MaiKeMarket\x64\Debug\link.9892-cvtres.read.1.tlog
C:\Users\Administrator\Desktop\MaiKeMarket\MaiKeMarket\x64\Debug\link.9892-cvtres.write.1.tlog
C:\Users\Administrator\Desktop\MaiKeMarket\MaiKeMarket\x64\Debug\link.9892-rc.read.1.tlog
C:\Users\Administrator\Desktop\MaiKeMarket\MaiKeMarket\x64\Debug\link.9892-rc.write.1.tlog
C:\Users\Administrator\Desktop\MaiKeMarket\MaiKeMarket\x64\Debug\link.9892.read.1.tlog
C:\Users\Administrator\Desktop\MaiKeMarket\MaiKeMarket\x64\Debug\link.9892.write.1.tlog
C:\Users\Administrator\Desktop\MaiKeMarket\MaiKeMarket\x64\Debug\link.command.1.tlog
C:\Users\Administrator\Desktop\MaiKeMarket\MaiKeMarket\x64\Debug\link.read.1.tlog
C:\Users\Administrator\Desktop\MaiKeMarket\MaiKeMarket\x64\Debug\link.write.1.tlog
C:\Users\Administrator\Desktop\MaiKeMarket\MaiKeMarket\x64\Debug\MaiKeMarket.pch
C:\Users\Administrator\Desktop\MaiKeMarket\MaiKeMarket\x64\Debug\vc110.idb
C:\Users\Administrator\Desktop\MaiKeMarket\MaiKeMarket\x64\Debug\vc110.pdb
C:\Users\Administrator\Desktop\MaiKeMarket\x64\Debug\MaiKeMarket.pdb
C:\Users\Administrator\Desktop\MaiKeMarket\x64\Debug\MaiKeMarket.exe
C:\Users\Administrator\Desktop\MaiKeMarket\x64\Debug\MaiKeMarket.ilk
