C:\USERS\ADMINISTRATOR\DOCUMENTS\VISUAL STUDIO 2012\PROJECTS\MAIKEMARKET\MAIKEMARKET\DEBUG\MAIKEMARKET.PCH
C:\USERS\ADMINISTRATOR\DOCUMENTS\VISUAL STUDIO 2012\PROJECTS\MAIKEMARKET\MAIKEMARKET\DEBUG\STDAFX.OBJ
C:\USERS\ADMINISTRATOR\DOCUMENTS\VISUAL STUDIO 2012\PROJECTS\MAIKEMARKET\MAIKEMARKET\DEBUG\VC110.PDB
C:\USERS\ADMINISTRATOR\DOCUMENTS\VISUAL STUDIO 2012\PROJECTS\MAIKEMARKET\MAIKEMARKET\DEBUG\MAIKEMARKETAPI.OBJ
C:\USERS\ADMINISTRATOR\DOCUMENTS\VISUAL STUDIO 2012\PROJECTS\MAIKEMARKET\MAIKEMARKET\DEBUG\MAIKEMARKETSPI.OBJ
C:\USERS\ADMINISTRATOR\DOCUMENTS\VISUAL STUDIO 2012\PROJECTS\MAIKEMARKET\MAIKEMARKET\DEBUG\MYSQLMANAGER.OBJ
C:\Users\Administrator\documents\visual studio 2012\Projects\MaiKeMarket\MaiKeMarket\Debug\MaiKeMarketApi.obj
C:\Users\Administrator\documents\visual studio 2012\Projects\MaiKeMarket\MaiKeMarket\Debug\MaiKeMarketSpi.obj
C:\Users\Administrator\documents\visual studio 2012\Projects\MaiKeMarket\MaiKeMarket\Debug\MySQLManager.obj
C:\Users\Administrator\documents\visual studio 2012\Projects\MaiKeMarket\MaiKeMarket\Debug\stdafx.obj
C:\Users\Administrator\documents\visual studio 2012\Projects\MaiKeMarket\MaiKeMarket\Debug\cl.command.1.tlog
C:\Users\Administrator\documents\visual studio 2012\Projects\MaiKeMarket\MaiKeMarket\Debug\CL.read.1.tlog
C:\Users\Administrator\documents\visual studio 2012\Projects\MaiKeMarket\MaiKeMarket\Debug\CL.write.1.tlog
C:\Users\Administrator\documents\visual studio 2012\Projects\MaiKeMarket\MaiKeMarket\Debug\link-cvtres.read.1.tlog
C:\Users\Administrator\documents\visual studio 2012\Projects\MaiKeMarket\MaiKeMarket\Debug\link-cvtres.write.1.tlog
C:\Users\Administrator\documents\visual studio 2012\Projects\MaiKeMarket\MaiKeMarket\Debug\link-rc.read.1.tlog
C:\Users\Administrator\documents\visual studio 2012\Projects\MaiKeMarket\MaiKeMarket\Debug\link-rc.write.1.tlog
C:\Users\Administrator\documents\visual studio 2012\Projects\MaiKeMarket\MaiKeMarket\Debug\link.command.1.tlog
C:\Users\Administrator\documents\visual studio 2012\Projects\MaiKeMarket\MaiKeMarket\Debug\link.read.1.tlog
C:\Users\Administrator\documents\visual studio 2012\Projects\MaiKeMarket\MaiKeMarket\Debug\link.write.1.tlog
C:\Users\Administrator\documents\visual studio 2012\Projects\MaiKeMarket\MaiKeMarket\Debug\MaiKeMarket.pch
C:\Users\Administrator\documents\visual studio 2012\Projects\MaiKeMarket\MaiKeMarket\Debug\vc110.idb
C:\Users\Administrator\documents\visual studio 2012\Projects\MaiKeMarket\MaiKeMarket\Debug\vc110.pdb
C:\Users\Administrator\documents\visual studio 2012\Projects\MaiKeMarket\Debug\MaiKeMarket.pdb
